2024-11-01 19:07:16 INFO  Utils:112 - [TestNG] Running:
  C:\Users\HP\eclipse-workspace\Opencart\master.xml

2024-11-01 19:10:39 INFO  Utils:112 - [TestNG] Running:
  C:\Users\HP\eclipse-workspace\Opencart\master.xml

2024-11-01 19:10:47 INFO  TC001_AccountRegistrationTest:17 - ***** Starting TC001_AccountRegistrationTest *****
2024-11-01 19:10:47 INFO  TC001_AccountRegistrationTest:22 - Clicked on MyAccount Link...
2024-11-01 19:10:47 INFO  TC001_AccountRegistrationTest:25 - Clicked on Register Link...
2024-11-01 19:10:47 INFO  TC001_AccountRegistrationTest:29 - Providing customer details...
2024-11-01 19:10:49 INFO  TC001_AccountRegistrationTest:43 - Validating expected message...
2024-11-01 19:10:49 INFO  TC001_AccountRegistrationTest:63 - ***** Finished TC001_AccountRegistrationTest *****
2024-11-01 19:10:52 INFO  TC0002_LoginTest:18 - ****** Starting TC002_LoginTest ******
2024-11-01 19:10:54 INFO  TC0002_LoginTest:44 - ****** Finished TC002_LoginTest ******
2024-11-01 19:21:46 INFO  TC001_AccountRegistrationTest:17 - ***** Starting TC001_AccountRegistrationTest *****
2024-11-01 19:21:46 INFO  TC001_AccountRegistrationTest:22 - Clicked on MyAccount Link...
2024-11-01 19:21:47 INFO  TC001_AccountRegistrationTest:25 - Clicked on Register Link...
2024-11-01 19:21:47 INFO  TC001_AccountRegistrationTest:29 - Providing customer details...
2024-11-01 19:21:48 INFO  TC001_AccountRegistrationTest:43 - Validating expected message...
2024-11-01 19:21:48 INFO  TC001_AccountRegistrationTest:63 - ***** Finished TC001_AccountRegistrationTest *****
2024-11-01 19:21:52 INFO  TC0002_LoginTest:18 - ****** Starting TC002_LoginTest ******
2024-11-01 19:21:54 INFO  TC0002_LoginTest:44 - ****** Finished TC002_LoginTest ******
2024-11-01 20:36:27 INFO  TC001_AccountRegistrationTest:17 - ***** Starting TC001_AccountRegistrationTest *****
2024-11-01 20:36:27 INFO  TC001_AccountRegistrationTest:22 - Clicked on MyAccount Link...
2024-11-01 20:36:28 INFO  TC001_AccountRegistrationTest:25 - Clicked on Register Link...
2024-11-01 20:36:28 INFO  TC001_AccountRegistrationTest:29 - Providing customer details...
2024-11-01 20:36:29 INFO  TC001_AccountRegistrationTest:43 - Validating expected message...
2024-11-01 20:36:29 INFO  TC001_AccountRegistrationTest:63 - ***** Finished TC001_AccountRegistrationTest *****
2024-11-01 20:36:34 INFO  TC0002_LoginTest:18 - ****** Starting TC002_LoginTest ******
2024-11-01 20:36:35 INFO  TC0002_LoginTest:44 - ****** Finished TC002_LoginTest ******
